<?xml version="1.0" encoding="UTF-8"?>
<!-- Generated by org.testng.reporters.JUnitReportReporter -->
<testsuite hostname="DESKTOP-3KIECR5" failures="0" tests="3" name="com.tutorialsninja.testcases.Search" time="26.002" errors="0" timestamp="2024-11-29T15:58:18 AST" skipped="0">
  <testcase classname="com.tutorialsninja.testcases.Search" name="VerifySearchWithValidProduct" time="9.079"/>
  <testcase classname="com.tutorialsninja.testcases.Search" name="VerifySearchWithInvalidProduct" time="8.445"/>
  <testcase classname="com.tutorialsninja.testcases.Search" name="VerifySearchWithouAnyProduct" time="8.478"/>
</testsuite> <!-- com.tutorialsninja.testcases.Search -->
