<?xml version="1.0" encoding="UTF-8"?>
<!-- Generated by org.testng.reporters.JUnitReportReporter -->
<testsuite hostname="DESKTOP-3KIECR5" failures="0" tests="6" name="com.tutorialsninja.testcases.Login" time="59.748" errors="0" timestamp="2024-11-29T15:58:18 AST" skipped="0">
  <testcase classname="com.tutorialsninja.testcases.Login" name="LoginWithValidCredentials" time="10.271"/>
  <testcase classname="com.tutorialsninja.testcases.Login" name="LoginWithValidCredentials" time="10.199"/>
  <testcase classname="com.tutorialsninja.testcases.Login" name="LoginWithInvalidCredentials" time="9.954"/>
  <testcase classname="com.tutorialsninja.testcases.Login" name="LoginWithValidEmailInvalidPassword" time="9.698"/>
  <testcase classname="com.tutorialsninja.testcases.Login" name="LoginWithInvalidEmailValidPassword" time="9.806"/>
  <testcase classname="com.tutorialsninja.testcases.Login" name="LoginWithoutCredentials" time="9.820"/>
</testsuite> <!-- com.tutorialsninja.testcases.Login -->
