<?xml version="1.0" encoding="UTF-8"?>
<!-- Generated by org.testng.reporters.JUnitReportReporter -->
<testsuite hostname="DESKTOP-3KIECR5" failures="0" tests="3" name="com.tutorialsninja.testcases.SearchTest" time="40.820" errors="0" timestamp="2024-12-06T08:50:11 AST" skipped="0">
  <testcase classname="com.tutorialsninja.testcases.SearchTest" name="VerifySearchWithValidProduct" time="12.601"/>
  <testcase classname="com.tutorialsninja.testcases.SearchTest" name="VerifySearchWithInvalidProduct" time="11.499"/>
  <testcase classname="com.tutorialsninja.testcases.SearchTest" name="VerifySearchWithouAnyProduct" time="16.720"/>
</testsuite> <!-- com.tutorialsninja.testcases.SearchTest -->
