<?xml version="1.0" encoding="UTF-8"?>
<!-- Generated by org.testng.reporters.JUnitReportReporter -->
<testsuite hostname="DESKTOP-3KIECR5" failures="0" tests="6" name="com.tutorialsninja.testcases.LoginTest" time="75.518" errors="0" timestamp="2024-12-06T08:50:11 AST" skipped="0">
  <testcase classname="com.tutorialsninja.testcases.LoginTest" name="LoginWithValidCredentials" time="12.570"/>
  <testcase classname="com.tutorialsninja.testcases.LoginTest" name="LoginWithValidCredentials" time="15.565"/>
  <testcase classname="com.tutorialsninja.testcases.LoginTest" name="LoginWithInvalidCredentials" time="14.838"/>
  <testcase classname="com.tutorialsninja.testcases.LoginTest" name="LoginWithValidEmailInvalidPassword" time="10.880"/>
  <testcase classname="com.tutorialsninja.testcases.LoginTest" name="LoginWithInvalidEmailValidPassword" time="11.168"/>
  <testcase classname="com.tutorialsninja.testcases.LoginTest" name="LoginWithoutCredentials" time="10.497"/>
</testsuite> <!-- com.tutorialsninja.testcases.LoginTest -->
